<?xml version="1.0" encoding="UTF-8"?>
<!-- Generated by org.testng.reporters.JUnitXMLReporter -->
<testsuite ignored="0" hostname="ip-172-31-21-20" failures="1" tests="3" name="Test" time="0.047" errors="0" timestamp="2023-05-30T08:52:41 UTC">
  <testcase classname="com.simplilearn.TestngDemos.ListenerDemo" name="testCase1" time="0.008"/>
  <testcase classname="com.simplilearn.TestngDemos.ListenerDemo" name="testCase2" time="0.002">
    <failure type="java.lang.AssertionError" message="expected:&amp;lt;Welcome&amp;gt; but was:&amp;lt;Hi&amp;gt;">
      <![CDATA[java.lang.AssertionError: expected:<Welcome> but was:<Hi>
at com.simplilearn.TestngDemos.ListenerDemo.testCase2(ListenerDemo.java:24)
at java.base/java.util.ArrayList.forEach(ArrayList.java:1511)
... Removed 29 stack frames]]>
    </failure>
  </testcase> <!-- testCase2 -->
  <testcase classname="com.simplilearn.TestngDemos.ListenerDemo" name="testCase3" time="0.001">
    <skipped/>
  </testcase> <!-- testCase3 -->
</testsuite> <!-- Test -->
