<?xml version="1.0" encoding="UTF-8"?>
<testng-results ignored="0" total="0" passed="0" failed="0" skipped="0">
  <reporter-output>
  </reporter-output>
  <suite started-at="2023-05-27T08:16:27 UTC" name="com.simplilearn.webtesting.AppTest" finished-at="2023-05-27T08:16:30 UTC" duration-ms="2114">
    <groups>
    </groups>
    <test started-at="2023-05-27T08:16:27 UTC" name="Command line test" finished-at="2023-05-27T08:16:30 UTC" duration-ms="2114">
      <class name="com.simplilearn.webtesting.AppTest">
        <test-method is-config="true" signature="setup()[pri:0, instance:com.simplilearn.webtesting.AppTest@477b4cdf]" started-at="2023-05-27T08:16:27 UTC" name="setup" finished-at="2023-05-27T08:16:29 UTC" duration-ms="1995" status="PASS">
          <reporter-output>
          </reporter-output>
        </test-method> <!-- setup -->
        <test-method is-config="true" signature="tearDown()[pri:0, instance:com.simplilearn.webtesting.AppTest@477b4cdf]" started-at="2023-05-27T08:16:29 UTC" name="tearDown" finished-at="2023-05-27T08:16:30 UTC" duration-ms="106" status="PASS">
          <reporter-output>
          </reporter-output>
        </test-method> <!-- tearDown -->
      </class> <!-- com.simplilearn.webtesting.AppTest -->
    </test> <!-- Command line test -->
  </suite> <!-- com.simplilearn.webtesting.AppTest -->
</testng-results>
