<?xml version="1.0" encoding="UTF-8"?>
<!-- Generated by org.testng.reporters.JUnitXMLReporter -->
<testsuite ignored="0" hostname="ip-172-31-21-20" failures="0" tests="5" name="Test2" time="8.487" errors="0" timestamp="2023-05-29T09:16:15 UTC">
  <testcase classname="com.simplilearn.WebSiteTest.BookStore" name="verifyHomePage" time="0.025"/>
  <testcase classname="com.simplilearn.WebSiteTest.BookStore" name="verifyLogin" time="1.752"/>
  <testcase classname="com.simplilearn.WebSiteTest.BookStore" name="registerPage" time="1.288"/>
  <testcase classname="com.simplilearn.WebSiteTest.BookStore" name="searchBox" time="0.878"/>
  <testcase classname="com.simplilearn.WebSiteTest.BookStore" name="cartAdd" time="4.504"/>
</testsuite> <!-- Test2 -->
