<?xml version="1.0" encoding="UTF-8"?>
<!-- Generated by org.testng.reporters.JUnitXMLReporter -->
<testsuite ignored="5" hostname="ip-172-31-21-20" failures="0" tests="1" name="Default test" time="2.004" errors="0" timestamp="2023-05-29T10:57:55 UTC">
  <testcase classname="com.simplilearn.WebSiteTest.BookStore" name="errorLogin" time="1.974"/>
  <testcase classname="com.simplilearn.WebSiteTest.BookStore" name="verifyLogin" time="0.0">
    <ignored/>
  </testcase> <!-- verifyLogin -->
  <testcase classname="com.simplilearn.WebSiteTest.BookStore" name="cartAdd" time="0.0">
    <ignored/>
  </testcase> <!-- cartAdd -->
  <testcase classname="com.simplilearn.WebSiteTest.BookStore" name="searchBox" time="0.0">
    <ignored/>
  </testcase> <!-- searchBox -->
  <testcase classname="com.simplilearn.WebSiteTest.BookStore" name="verifyHomePage" time="0.0">
    <ignored/>
  </testcase> <!-- verifyHomePage -->
  <testcase classname="com.simplilearn.WebSiteTest.BookStore" name="registerPage" time="0.0">
    <ignored/>
  </testcase> <!-- registerPage -->
</testsuite> <!-- Default test -->
